<?xml version="1.0" encoding="UTF-8"?>
<testng-results ignored="0" total="2" passed="2" failed="0" skipped="0">
  <reporter-output>
  </reporter-output>
  <suite started-at="2024-08-21T20:35:29 IST" name="Default suite" finished-at="2024-08-21T20:35:33 IST" duration-ms="3420">
    <groups>
    </groups>
    <test started-at="2024-08-21T20:35:29 IST" name="Default test" finished-at="2024-08-21T20:35:33 IST" duration-ms="3420">
      <class name="testcases.TC_api_binance">
        <test-method signature="TC01()[pri:0, instance:testcases.TC_api_binance@57a3af25]" started-at="2024-08-21T20:35:29 IST" name="TC01" finished-at="2024-08-21T20:35:32 IST" duration-ms="2155" status="PASS">
          <reporter-output>
          </reporter-output>
        </test-method> <!-- TC01 -->
        <test-method signature="TC02()[pri:1, instance:testcases.TC_api_binance@57a3af25]" started-at="2024-08-21T20:35:32 IST" name="TC02" finished-at="2024-08-21T20:35:33 IST" duration-ms="1222" status="PASS">
          <reporter-output>
          </reporter-output>
        </test-method> <!-- TC02 -->
      </class> <!-- testcases.TC_api_binance -->
    </test> <!-- Default test -->
  </suite> <!-- Default suite -->
</testng-results>
